This is pdfTeX, Version 3.141592653-2.6-1.40.27 (TeX Live 2025/nixos.org) (preloaded format=pdflatex 1980.1.1)  9 APR 2026 00:02
entering extended mode
 restricted \write18 enabled.
 file:line:error style messages enabled.
 %&-line parsing enabled.
**report.tex
(./report.tex
LaTeX2e <2025-06-01> patch level 1
L3 programming layer <2025-06-09>
(/nix/store/zqc1h9zagr58l7122lkq5qgkiw7h4234-texlive-combined-full-2025.20250703-texmfdist/tex/latex/base/article.cls
Document Class: article 2025/01/22 v1.4n Standard LaTeX document class
(/nix/store/zqc1h9zagr58l7122lkq5qgkiw7h4234-texlive-combined-full-2025.20250703-texmfdist/tex/latex/base/size11.clo
File: size11.clo 2025/01/22 v1.4n Standard LaTeX file (size option)
)
\c@part=\count275
\c@section=\count276
\c@subsection=\count277
\c@subsubsection=\count278
\c@paragraph=\count279
\c@subparagraph=\count280
\c@figure=\count281
\c@table=\count282
\abovecaptionskip=\skip49
\belowcaptionskip=\skip50
\bibindent=\dimen148
) (/nix/store/zqc1h9zagr58l7122lkq5qgkiw7h4234-texlive-combined-full-2025.20250703-texmfdist/tex/latex/graphics/graphicx.sty
Package: graphicx 2024/12/31 v1.2e Enhanced LaTeX Graphics (DPC,SPQR)
 (/nix/store/zqc1h9zagr58l7122lkq5qgkiw7h4234-texlive-combined-full-2025.20250703-texmfdist/tex/latex/graphics/keyval.sty
Package: keyval 2022/05/29 v1.15 key=value parser (DPC)
\KV@toks@=\toks17
) (/nix/store/zqc1h9zagr58l7122lkq5qgkiw7h4234-texlive-combined-full-2025.20250703-texmfdist/tex/latex/graphics/graphics.sty
Package: graphics 2024/08/06 v1.4g Standard LaTeX Graphics (DPC,SPQR)
 (/nix/store/zqc1h9zagr58l7122lkq5qgkiw7h4234-texlive-combined-full-2025.20250703-texmfdist/tex/latex/graphics/trig.sty
Package: trig 2023/12/02 v1.11 sin cos tan (DPC)
) (/nix/store/zqc1h9zagr58l7122lkq5qgkiw7h4234-texlive-combined-full-2025.20250703-texmfdist/tex/latex/graphics-cfg/graphics.cfg
File: graphics.cfg 2016/06/04 v1.11 sample graphics configuration
)
Package graphics Info: Driver file: pdftex.def on input line 106.
 (/nix/store/zqc1h9zagr58l7122lkq5qgkiw7h4234-texlive-combined-full-2025.20250703-texmfdist/tex/latex/graphics-def/pdftex.def
File: pdftex.def 2024/04/13 v1.2c Graphics/color driver for pdftex
))
\Gin@req@height=\dimen149
\Gin@req@width=\dimen150
) (/nix/store/zqc1h9zagr58l7122lkq5qgkiw7h4234-texlive-combined-full-2025.20250703-texmfdist/tex/latex/amsmath/amsmath.sty
Package: amsmath 2025/06/16 v2.17y AMS math features
\@mathmargin=\skip51

For additional information on amsmath, use the `?' option.
(/nix/store/zqc1h9zagr58l7122lkq5qgkiw7h4234-texlive-combined-full-2025.20250703-texmfdist/tex/latex/amsmath/amstext.sty
Package: amstext 2024/11/17 v2.01 AMS text
 (/nix/store/zqc1h9zagr58l7122lkq5qgkiw7h4234-texlive-combined-full-2025.20250703-texmfdist/tex/latex/amsmath/amsgen.sty
File: amsgen.sty 1999/11/30 v2.0 generic functions
\@emptytoks=\toks18
\ex@=\dimen151
)) (/nix/store/zqc1h9zagr58l7122lkq5qgkiw7h4234-texlive-combined-full-2025.20250703-texmfdist/tex/latex/amsmath/amsbsy.sty
Package: amsbsy 1999/11/29 v1.2d Bold Symbols
\pmbraise@=\dimen152
) (/nix/store/zqc1h9zagr58l7122lkq5qgkiw7h4234-texlive-combined-full-2025.20250703-texmfdist/tex/latex/amsmath/amsopn.sty
Package: amsopn 2022/04/08 v2.04 operator names
)
\inf@bad=\count283
LaTeX Info: Redefining \frac on input line 233.
\uproot@=\count284
\leftroot@=\count285
LaTeX Info: Redefining \overline on input line 398.
LaTeX Info: Redefining \colon on input line 409.
\classnum@=\count286
\DOTSCASE@=\count287
LaTeX Info: Redefining \ldots on input line 495.
LaTeX Info: Redefining \dots on input line 498.
LaTeX Info: Redefining \cdots on input line 619.
\Mathstrutbox@=\box53
\strutbox@=\box54
LaTeX Info: Redefining \big on input line 721.
LaTeX Info: Redefining \Big on input line 722.
LaTeX Info: Redefining \bigg on input line 723.
LaTeX Info: Redefining \Bigg on input line 724.
\big@size=\dimen153
LaTeX Font Info:    Redeclaring font encoding OML on input line 742.
LaTeX Font Info:    Redeclaring font encoding OMS on input line 743.
\macc@depth=\count288
LaTeX Info: Redefining \bmod on input line 904.
LaTeX Info: Redefining \pmod on input line 909.
LaTeX Info: Redefining \smash on input line 939.
LaTeX Info: Redefining \relbar on input line 969.
LaTeX Info: Redefining \Relbar on input line 970.
\c@MaxMatrixCols=\count289
\dotsspace@=\muskip17
\c@parentequation=\count290
\dspbrk@lvl=\count291
\tag@help=\toks19
\row@=\count292
\column@=\count293
\maxfields@=\count294
\andhelp@=\toks20
\eqnshift@=\dimen154
\alignsep@=\dimen155
\tagshift@=\dimen156
\tagwidth@=\dimen157
\totwidth@=\dimen158
\lineht@=\dimen159
\@envbody=\toks21
\multlinegap=\skip52
\multlinetaggap=\skip53
\mathdisplay@stack=\toks22
LaTeX Info: Redefining \[ on input line 2949.
LaTeX Info: Redefining \] on input line 2950.
) (/nix/store/zqc1h9zagr58l7122lkq5qgkiw7h4234-texlive-combined-full-2025.20250703-texmfdist/tex/latex/geometry/geometry.sty
Package: geometry 2020/01/02 v5.9 Page Geometry
 (/nix/store/zqc1h9zagr58l7122lkq5qgkiw7h4234-texlive-combined-full-2025.20250703-texmfdist/tex/generic/iftex/ifvtex.sty
Package: ifvtex 2019/10/25 v1.7 ifvtex legacy package. Use iftex instead.
 (/nix/store/zqc1h9zagr58l7122lkq5qgkiw7h4234-texlive-combined-full-2025.20250703-texmfdist/tex/generic/iftex/iftex.sty
Package: iftex 2024/12/12 v1.0g TeX engine tests
))
\Gm@cnth=\count295
\Gm@cntv=\count296
\c@Gm@tempcnt=\count297
\Gm@bindingoffset=\dimen160
\Gm@wd@mp=\dimen161
\Gm@odd@mp=\dimen162
\Gm@even@mp=\dimen163
\Gm@layoutwidth=\dimen164
\Gm@layoutheight=\dimen165
\Gm@layouthoffset=\dimen166
\Gm@layoutvoffset=\dimen167
\Gm@dimlist=\toks23
) (/nix/store/zqc1h9zagr58l7122lkq5qgkiw7h4234-texlive-combined-full-2025.20250703-texmfdist/tex/latex/fancyhdr/fancyhdr.sty
Package: fancyhdr 2025/02/07 v5.2 Extensive control of page headers and footers
\f@nch@headwidth=\skip54
\f@nch@offset@elh=\skip55
\f@nch@offset@erh=\skip56
\f@nch@offset@olh=\skip57
\f@nch@offset@orh=\skip58
\f@nch@offset@elf=\skip59
\f@nch@offset@erf=\skip60
\f@nch@offset@olf=\skip61
\f@nch@offset@orf=\skip62
\f@nch@height=\skip63
\f@nch@footalignment=\skip64
\f@nch@widthL=\skip65
\f@nch@widthC=\skip66
\f@nch@widthR=\skip67
\@temptokenb=\toks24
) (/nix/store/zqc1h9zagr58l7122lkq5qgkiw7h4234-texlive-combined-full-2025.20250703-texmfdist/tex/latex/tools/enumerate.sty
Package: enumerate 2023/07/04 v3.00 enumerate extensions (DPC)
\@enLab=\toks25
) (/nix/store/zqc1h9zagr58l7122lkq5qgkiw7h4234-texlive-combined-full-2025.20250703-texmfdist/tex/latex/enumitem/enumitem.sty
Package: enumitem 2025/02/06 v3.11 Customized lists
\labelindent=\skip68
\enit@outerparindent=\dimen168
\enit@toks=\toks26
\enit@inbox=\box55
\enit@count@id=\count298
\enitdp@description=\count299
) (/nix/store/zqc1h9zagr58l7122lkq5qgkiw7h4234-texlive-combined-full-2025.20250703-texmfdist/tex/latex/amsfonts/amssymb.sty
Package: amssymb 2013/01/14 v3.01 AMS font symbols
 (/nix/store/zqc1h9zagr58l7122lkq5qgkiw7h4234-texlive-combined-full-2025.20250703-texmfdist/tex/latex/amsfonts/amsfonts.sty
Package: amsfonts 2013/01/14 v3.01 Basic AMSFonts support
\symAMSa=\mathgroup4
\symAMSb=\mathgroup5
LaTeX Font Info:    Redeclaring math symbol \hbar on input line 98.
LaTeX Font Info:    Overwriting math alphabet `\mathfrak' in version `bold'
(Font)                  U/euf/m/n --> U/euf/b/n on input line 106.
)) (/nix/store/zqc1h9zagr58l7122lkq5qgkiw7h4234-texlive-combined-full-2025.20250703-texmfdist/tex/latex/amscls/amsthm.sty
Package: amsthm 2020/05/29 v2.20.6
\thm@style=\toks27
\thm@bodyfont=\toks28
\thm@headfont=\toks29
\thm@notefont=\toks30
\thm@headpunct=\toks31
\thm@preskip=\skip69
\thm@postskip=\skip70
\thm@headsep=\skip71
\dth@everypar=\toks32
) (/nix/store/zqc1h9zagr58l7122lkq5qgkiw7h4234-texlive-combined-full-2025.20250703-texmfdist/tex/latex/titlesec/titlesec.sty
Package: titlesec 2025/01/04 v2.17 Sectioning titles
\ttl@box=\box56
\beforetitleunit=\skip72
\aftertitleunit=\skip73
\ttl@plus=\dimen169
\ttl@minus=\dimen170
\ttl@toksa=\toks33
\titlewidth=\dimen171
\titlewidthlast=\dimen172
\titlewidthfirst=\dimen173
) (/nix/store/zqc1h9zagr58l7122lkq5qgkiw7h4234-texlive-combined-full-2025.20250703-texmfdist/tex/latex/biblatex/biblatex.sty
Package: biblatex 2024/03/21 v3.20 programmable bibliographies (PK/MW)
 (/nix/store/zqc1h9zagr58l7122lkq5qgkiw7h4234-texlive-combined-full-2025.20250703-texmfdist/tex/generic/pdftexcmds/pdftexcmds.sty
Package: pdftexcmds 2020-06-27 v0.33 Utility functions of pdfTeX for LuaTeX (HO)

(/nix/store/zqc1h9zagr58l7122lkq5qgkiw7h4234-texlive-combined-full-2025.20250703-texmfdist/tex/generic/infwarerr/infwarerr.sty
Package: infwarerr 2019/12/03 v1.5 Providing info/warning/error messages (HO)
) (/nix/store/zqc1h9zagr58l7122lkq5qgkiw7h4234-texlive-combined-full-2025.20250703-texmfdist/tex/generic/ltxcmds/ltxcmds.sty
Package: ltxcmds 2023-12-04 v1.26 LaTeX kernel commands for general use (HO)
)
Package pdftexcmds Info: \pdf@primitive is available.
Package pdftexcmds Info: \pdf@ifprimitive is available.
Package pdftexcmds Info: \pdfdraftmode found.
) (/nix/store/zqc1h9zagr58l7122lkq5qgkiw7h4234-texlive-combined-full-2025.20250703-texmfdist/tex/latex/etoolbox/etoolbox.sty
Package: etoolbox 2025/02/11 v2.5l e-TeX tools for LaTeX (JAW)
\etb@tempcnta=\count300
) (/nix/store/zqc1h9zagr58l7122lkq5qgkiw7h4234-texlive-combined-full-2025.20250703-texmfdist/tex/latex/kvoptions/kvoptions.sty
Package: kvoptions 2022-06-15 v3.15 Key value format for package options (HO)
 (/nix/store/zqc1h9zagr58l7122lkq5qgkiw7h4234-texlive-combined-full-2025.20250703-texmfdist/tex/latex/kvsetkeys/kvsetkeys.sty
Package: kvsetkeys 2022-10-05 v1.19 Key value parser (HO)
)) (/nix/store/zqc1h9zagr58l7122lkq5qgkiw7h4234-texlive-combined-full-2025.20250703-texmfdist/tex/latex/logreq/logreq.sty
Package: logreq 2010/08/04 v1.0 xml request logger
\lrq@indent=\count301
 (/nix/store/zqc1h9zagr58l7122lkq5qgkiw7h4234-texlive-combined-full-2025.20250703-texmfdist/tex/latex/logreq/logreq.def
File: logreq.def 2010/08/04 v1.0 logreq spec v1.0
)) (/nix/store/zqc1h9zagr58l7122lkq5qgkiw7h4234-texlive-combined-full-2025.20250703-texmfdist/tex/latex/base/ifthen.sty
Package: ifthen 2024/03/16 v1.1e Standard LaTeX ifthen package (DPC)
) (/nix/store/zqc1h9zagr58l7122lkq5qgkiw7h4234-texlive-combined-full-2025.20250703-texmfdist/tex/latex/url/url.sty
\Urlmuskip=\muskip18
Package: url 2013/09/16  ver 3.4  Verb mode for urls, etc.
)
\c@tabx@nest=\count302
\c@listtotal=\count303
\c@listcount=\count304
\c@liststart=\count305
\c@liststop=\count306
\c@citecount=\count307
\c@citetotal=\count308
\c@multicitecount=\count309
\c@multicitetotal=\count310
\c@instcount=\count311
\c@maxnames=\count312
\c@minnames=\count313
\c@maxitems=\count314
\c@minitems=\count315
\c@citecounter=\count316
\c@maxcitecounter=\count317
\c@savedcitecounter=\count318
\c@uniquelist=\count319
\c@uniquename=\count320
\c@refsection=\count321
\c@refsegment=\count322
\c@maxextratitle=\count323
\c@maxextratitleyear=\count324
\c@maxextraname=\count325
\c@maxextradate=\count326
\c@maxextraalpha=\count327
\c@abbrvpenalty=\count328
\c@highnamepenalty=\count329
\c@lownamepenalty=\count330
\c@maxparens=\count331
\c@parenlevel=\count332
\blx@tempcnta=\count333
\blx@tempcntb=\count334
\blx@tempcntc=\count335
\c@blx@maxsection=\count336
\blx@maxsegment@0=\count337
\blx@notetype=\count338
\blx@parenlevel@text=\count339
\blx@parenlevel@foot=\count340
\blx@sectionciteorder@0=\count341
\blx@sectionciteorderinternal@0=\count342
\blx@entrysetcounter=\count343
\blx@biblioinstance=\count344
\labelnumberwidth=\skip74
\labelalphawidth=\skip75
\biblabelsep=\skip76
\bibitemsep=\skip77
\bibnamesep=\skip78
\bibinitsep=\skip79
\bibparsep=\skip80
\bibhang=\skip81
\blx@bcfin=\read2
\blx@bcfout=\write3
\blx@langwohyphens=\language90
\c@mincomprange=\count345
\c@maxcomprange=\count346
\c@mincompwidth=\count347
Package biblatex Info: Trying to load biblatex default data model...
Package biblatex Info: ... file 'blx-dm.def' found.
 (/nix/store/zqc1h9zagr58l7122lkq5qgkiw7h4234-texlive-combined-full-2025.20250703-texmfdist/tex/latex/biblatex/blx-dm.def
File: blx-dm.def 2024/03/21 v3.20 biblatex datamodel (PK/MW)
)
Package biblatex Info: Trying to load biblatex style data model...
Package biblatex Info: ... file 'numeric.dbx' not found.
Package biblatex Info: Trying to load biblatex custom data model...
Package biblatex Info: ... file 'biblatex-dm.cfg' not found.
\c@afterword=\count348
\c@savedafterword=\count349
\c@annotator=\count350
\c@savedannotator=\count351
\c@author=\count352
\c@savedauthor=\count353
\c@bookauthor=\count354
\c@savedbookauthor=\count355
\c@commentator=\count356
\c@savedcommentator=\count357
\c@editor=\count358
\c@savededitor=\count359
\c@editora=\count360
\c@savededitora=\count361
\c@editorb=\count362
\c@savededitorb=\count363
\c@editorc=\count364
\c@savededitorc=\count365
\c@foreword=\count366
\c@savedforeword=\count367
\c@holder=\count368
\c@savedholder=\count369
\c@introduction=\count370
\c@savedintroduction=\count371
\c@namea=\count372
\c@savednamea=\count373
\c@nameb=\count374
\c@savednameb=\count375
\c@namec=\count376
\c@savednamec=\count377
\c@translator=\count378
\c@savedtranslator=\count379
\c@shortauthor=\count380
\c@savedshortauthor=\count381
\c@shorteditor=\count382
\c@savedshorteditor=\count383
\c@labelname=\count384
\c@savedlabelname=\count385
\c@institution=\count386
\c@savedinstitution=\count387
\c@lista=\count388
\c@savedlista=\count389
\c@listb=\count390
\c@savedlistb=\count391
\c@listc=\count392
\c@savedlistc=\count393
\c@listd=\count394
\c@savedlistd=\count395
\c@liste=\count396
\c@savedliste=\count397
\c@listf=\count398
\c@savedlistf=\count399
\c@location=\count400
\c@savedlocation=\count401
\c@organization=\count402
\c@savedorganization=\count403
\c@origlocation=\count404
\c@savedoriglocation=\count405
\c@origpublisher=\count406
\c@savedorigpublisher=\count407
\c@publisher=\count408
\c@savedpublisher=\count409
\c@language=\count410
\c@savedlanguage=\count411
\c@origlanguage=\count412
\c@savedoriglanguage=\count413
\c@pageref=\count414
\c@savedpageref=\count415
\shorthandwidth=\skip82
\shortjournalwidth=\skip83
\shortserieswidth=\skip84
\shorttitlewidth=\skip85
\shortauthorwidth=\skip86
\shorteditorwidth=\skip87
\locallabelnumberwidth=\skip88
\locallabelalphawidth=\skip89
\localshorthandwidth=\skip90
\localshortjournalwidth=\skip91
\localshortserieswidth=\skip92
\localshorttitlewidth=\skip93
\localshortauthorwidth=\skip94
\localshorteditorwidth=\skip95
Package biblatex Info: Trying to load compatibility code...
Package biblatex Info: ... file 'blx-compat.def' found.
 (/nix/store/zqc1h9zagr58l7122lkq5qgkiw7h4234-texlive-combined-full-2025.20250703-texmfdist/tex/latex/biblatex/blx-compat.def
File: blx-compat.def 2024/03/21 v3.20 biblatex compatibility (PK/MW)
)
Package biblatex Info: Trying to load generic definitions...
Package biblatex Info: ... file 'biblatex.def' found.
 (/nix/store/zqc1h9zagr58l7122lkq5qgkiw7h4234-texlive-combined-full-2025.20250703-texmfdist/tex/latex/biblatex/biblatex.def
File: biblatex.def 2024/03/21 v3.20 biblatex compatibility (PK/MW)
\c@textcitecount=\count416
\c@textcitetotal=\count417
\c@textcitemaxnames=\count418
\c@biburlbigbreakpenalty=\count419
\c@biburlbreakpenalty=\count420
\c@biburlnumpenalty=\count421
\c@biburlucpenalty=\count422
\c@biburllcpenalty=\count423
\biburlbigskip=\muskip19
\biburlnumskip=\muskip20
\biburlucskip=\muskip21
\biburllcskip=\muskip22
\c@smartand=\count424
)
Package biblatex Info: Trying to load bibliography style 'numeric'...
Package biblatex Info: ... file 'numeric.bbx' found.
 (/nix/store/zqc1h9zagr58l7122lkq5qgkiw7h4234-texlive-combined-full-2025.20250703-texmfdist/tex/latex/biblatex/bbx/numeric.bbx
File: numeric.bbx 2024/03/21 v3.20 biblatex bibliography style (PK/MW)
Package biblatex Info: Trying to load bibliography style 'standard'...
Package biblatex Info: ... file 'standard.bbx' found.
 (/nix/store/zqc1h9zagr58l7122lkq5qgkiw7h4234-texlive-combined-full-2025.20250703-texmfdist/tex/latex/biblatex/bbx/standard.bbx
File: standard.bbx 2024/03/21 v3.20 biblatex bibliography style (PK/MW)
\c@bbx:relatedcount=\count425
\c@bbx:relatedtotal=\count426
))
Package biblatex Info: Trying to load citation style 'numeric'...
Package biblatex Info: ... file 'numeric.cbx' found.
 (/nix/store/zqc1h9zagr58l7122lkq5qgkiw7h4234-texlive-combined-full-2025.20250703-texmfdist/tex/latex/biblatex/cbx/numeric.cbx
File: numeric.cbx 2024/03/21 v3.20 biblatex citation style (PK/MW)
Package biblatex Info: Redefining '\cite'.
Package biblatex Info: Redefining '\parencite'.
Package biblatex Info: Redefining '\footcite'.
Package biblatex Info: Redefining '\footcitetext'.
Package biblatex Info: Redefining '\smartcite'.
Package biblatex Info: Redefining '\supercite'.
Package biblatex Info: Redefining '\textcite'.
Package biblatex Info: Redefining '\textcites'.
Package biblatex Info: Redefining '\cites'.
Package biblatex Info: Redefining '\parencites'.
Package biblatex Info: Redefining '\smartcites'.
)
Package biblatex Info: Trying to load configuration file...
Package biblatex Info: ... file 'biblatex.cfg' found.
 (/nix/store/zqc1h9zagr58l7122lkq5qgkiw7h4234-texlive-combined-full-2025.20250703-texmfdist/tex/latex/biblatex/biblatex.cfg
File: biblatex.cfg 
)
Package biblatex Info: Input encoding 'utf8' detected.
Package biblatex Info: Document encoding is UTF8 ....

(/nix/store/zqc1h9zagr58l7122lkq5qgkiw7h4234-texlive-combined-full-2025.20250703-texmfdist/tex/latex/l3kernel/expl3.sty
Package: expl3 2025-06-09 L3 programming layer (loader) 
 (/nix/store/zqc1h9zagr58l7122lkq5qgkiw7h4234-texlive-combined-full-2025.20250703-texmfdist/tex/latex/l3backend/l3backend-pdftex.def
File: l3backend-pdftex.def 2025-06-09 L3 backend support: PDF output (pdfTeX)
\l__color_backend_stack_int=\count427
))
Package biblatex Info: ... and expl3
(biblatex)             2025-06-09 L3 programming layer (loader) 
(biblatex)             is new enough (at least 2020/04/06),
(biblatex)             setting 'casechanger=expl3'.
 (/nix/store/zqc1h9zagr58l7122lkq5qgkiw7h4234-texlive-combined-full-2025.20250703-texmfdist/tex/latex/biblatex/blx-case-expl3.sty (/nix/store/zqc1h9zagr58l7122lkq5qgkiw7h4234-texlive-combined-full-2025.20250703-texmfdist/tex/latex/l3packages/xparse/xparse.sty
Package: xparse 2024-08-16 L3 Experimental document command parser
)
Package: blx-case-expl3 2024/03/21 v3.20 expl3 case changing code for biblatex
))
\@quotelevel=\count428
\@quotereset=\count429
 (./report.aux)
\openout1 = `report.aux'.

LaTeX Font Info:    Checking defaults for OML/cmm/m/it on input line 26.
LaTeX Font Info:    ... okay on input line 26.
LaTeX Font Info:    Checking defaults for OMS/cmsy/m/n on input line 26.
LaTeX Font Info:    ... okay on input line 26.
LaTeX Font Info:    Checking defaults for OT1/cmr/m/n on input line 26.
LaTeX Font Info:    ... okay on input line 26.
LaTeX Font Info:    Checking defaults for T1/cmr/m/n on input line 26.
LaTeX Font Info:    ... okay on input line 26.
LaTeX Font Info:    Checking defaults for TS1/cmr/m/n on input line 26.
LaTeX Font Info:    ... okay on input line 26.
LaTeX Font Info:    Checking defaults for OMX/cmex/m/n on input line 26.
LaTeX Font Info:    ... okay on input line 26.
LaTeX Font Info:    Checking defaults for U/cmr/m/n on input line 26.
LaTeX Font Info:    ... okay on input line 26.
 (/nix/store/zqc1h9zagr58l7122lkq5qgkiw7h4234-texlive-combined-full-2025.20250703-texmfdist/tex/context/base/mkii/supp-pdf.mkii
[Loading MPS to PDF converter (version 2006.09.02).]
\scratchcounter=\count430
\scratchdimen=\dimen174
\scratchbox=\box57
\nofMPsegments=\count431
\nofMParguments=\count432
\everyMPshowfont=\toks34
\MPscratchCnt=\count433
\MPscratchDim=\dimen175
\MPnumerator=\count434
\makeMPintoPDFobject=\count435
\everyMPtoPDFconversion=\toks35
) (/nix/store/zqc1h9zagr58l7122lkq5qgkiw7h4234-texlive-combined-full-2025.20250703-texmfdist/tex/latex/epstopdf-pkg/epstopdf-base.sty
Package: epstopdf-base 2020-01-24 v2.11 Base part for package epstopdf
Package epstopdf-base Info: Redefining graphics rule for `.eps' on input line 485.
 (/nix/store/zqc1h9zagr58l7122lkq5qgkiw7h4234-texlive-combined-full-2025.20250703-texmfdist/tex/latex/latexconfig/epstopdf-sys.cfg
File: epstopdf-sys.cfg 2010/07/13 v1.3 Configuration of (r)epstopdf for TeX Live
))
*geometry* driver: auto-detecting
*geometry* detected driver: pdftex
*geometry* verbose mode - [ preamble ] result:
* driver: pdftex
* paper: <default>
* layout: <same size as paper>
* layoutoffset:(h,v)=(0.0pt,0.0pt)
* modes: 
* h-part:(L,W,R)=(72.26999pt, 469.75502pt, 72.26999pt)
* v-part:(T,H,B)=(72.26999pt, 650.43001pt, 72.26999pt)
* \paperwidth=614.295pt
* \paperheight=794.96999pt
* \textwidth=469.75502pt
* \textheight=650.43001pt
* \oddsidemargin=0.0pt
* \evensidemargin=0.0pt
* \topmargin=-37.0pt
* \headheight=12.0pt
* \headsep=25.0pt
* \topskip=11.0pt
* \footskip=30.0pt
* \marginparwidth=59.0pt
* \marginparsep=10.0pt
* \columnsep=10.0pt
* \skip\footins=10.0pt plus 4.0pt minus 2.0pt
* \hoffset=0.0pt
* \voffset=0.0pt
* \mag=1000
* \@twocolumnfalse
* \@twosidefalse
* \@mparswitchfalse
* \@reversemarginfalse
* (1in=72.27pt=25.4mm, 1cm=28.453pt)

Package biblatex Info: Trying to load language 'english'...
Package biblatex Info: ... file 'english.lbx' found.
(/nix/store/zqc1h9zagr58l7122lkq5qgkiw7h4234-texlive-combined-full-2025.20250703-texmfdist/tex/latex/biblatex/lbx/english.lbx
File: english.lbx 2024/03/21 v3.20 biblatex localization (PK/MW)
)
Package biblatex Info: Input encoding 'utf8' detected.
Package biblatex Info: Automatic encoding selection.
(biblatex)             Assuming data encoding 'utf8'.
\openout3 = `report.bcf'.

Package biblatex Info: Trying to load bibliographic data...
Package biblatex Info: ... file 'report.bbl' found.
 (./report.bbl)
Package biblatex Info: Reference section=0 on input line 26.
Package biblatex Info: Reference segment=0 on input line 26.
LaTeX Font Info:    Trying to load font information for U+msa on input line 27.
 (/nix/store/zqc1h9zagr58l7122lkq5qgkiw7h4234-texlive-combined-full-2025.20250703-texmfdist/tex/latex/amsfonts/umsa.fd
File: umsa.fd 2013/01/14 v3.01 AMS symbols A
)
LaTeX Font Info:    Trying to load font information for U+msb on input line 27.
 (/nix/store/zqc1h9zagr58l7122lkq5qgkiw7h4234-texlive-combined-full-2025.20250703-texmfdist/tex/latex/amsfonts/umsb.fd
File: umsb.fd 2013/01/14 v3.01 AMS symbols B
)

[1

{/nix/store/aj4pddlldk66y7psnp0avmhxb3ff8rnr-texlive-combined-full-2025.20250703/share/texmf-var/fonts/map/pdftex/updmap/pdftex.map}]

[2] (./report.aux)
 ***********
LaTeX2e <2025-06-01> patch level 1
L3 programming layer <2025-06-09>
 ***********
Package logreq Info: Writing requests to 'report.run.xml'.
\openout1 = `report.run.xml'.

 ) 
Here is how much of TeX's memory you used:
 12356 strings out of 467888
 230848 string characters out of 5405403
 1062744 words of memory out of 5000000
 40797 multiletter control sequences out of 15000+600000
 634746 words of font info for 70 fonts, out of 8000000 for 9000
 1141 hyphenation exceptions out of 8191
 63i,6n,66p,1379b,1283s stack positions out of 10000i,1000n,20000p,200000b,200000s
</nix/store/zqc1h9zagr58l7122lkq5qgkiw7h4234-texlive-combined-full-2025.20250703-texmfdist/fonts/type1/public/amsfonts/cm/cmbx12.pfb></nix/store/zqc1h9zagr58l7122lkq5qgkiw7h4234-texlive-combined-full-2025.20250703-texmfdist/fonts/type1/public/amsfonts/cm/cmcsc10.pfb></nix/store/zqc1h9zagr58l7122lkq5qgkiw7h4234-texlive-combined-full-2025.20250703-texmfdist/fonts/type1/public/amsfonts/cm/cmmi10.pfb></nix/store/zqc1h9zagr58l7122lkq5qgkiw7h4234-texlive-combined-full-2025.20250703-texmfdist/fonts/type1/public/amsfonts/cm/cmr10.pfb></nix/store/zqc1h9zagr58l7122lkq5qgkiw7h4234-texlive-combined-full-2025.20250703-texmfdist/fonts/type1/public/amsfonts/cm/cmr12.pfb></nix/store/zqc1h9zagr58l7122lkq5qgkiw7h4234-texlive-combined-full-2025.20250703-texmfdist/fonts/type1/public/amsfonts/cm/cmr17.pfb></nix/store/zqc1h9zagr58l7122lkq5qgkiw7h4234-texlive-combined-full-2025.20250703-texmfdist/fonts/type1/public/amsfonts/cm/cmsy10.pfb></nix/store/zqc1h9zagr58l7122lkq5qgkiw7h4234-texlive-combined-full-2025.20250703-texmfdist/fonts/type1/public/amsfonts/cm/cmti10.pfb></nix/store/zqc1h9zagr58l7122lkq5qgkiw7h4234-texlive-combined-full-2025.20250703-texmfdist/fonts/type1/public/amsfonts/cm/cmtt10.pfb>
Output written on report.pdf (2 pages, 116057 bytes).
PDF statistics:
 56 PDF objects out of 1000 (max. 8388607)
 33 compressed objects within 1 object stream
 0 named destinations out of 1000 (max. 500000)
 1 words of extra memory for PDF output out of 10000 (max. 10000000)

